<?xml version="1.0" encoding="UTF-8"?>
<!-- Generated by org.testng.reporters.JUnitXMLReporter -->
<testsuite hostname="DESKTOP-SN7B2MS" ignored="0" name="loans" tests="4" failures="0" timestamp="2020-07-31T19:03:00 IST" time="0.017" errors="0">
  <testcase name="Aeroplaneloan" time="0.001" classname="framework.Test3"/>
  <testcase name="Bikeload" time="0.002" classname="framework.Test3"/>
  <testcase name="Carloan" time="0.002" classname="framework.Test3"/>
  <testcase name="Tractorloan" time="0.002" classname="framework.Test3"/>
</testsuite> <!-- loans -->
