<?xml version="1.0" encoding="UTF-8"?>
<!-- Generated by org.testng.reporters.JUnitXMLReporter -->
<testsuite hostname="DESKTOP-SN7B2MS" ignored="2" name="patient details" tests="3" failures="1" timestamp="2020-07-31T19:03:00 IST" time="0.035" errors="0">
  <testcase name="PatientAddress" time="0.002" classname="framework.Test2"/>
  <testcase name="PatientAge" time="0.003" classname="framework.Test2">
    <failure type="java.lang.AssertionError" message="expected [true] but found [false]">
      <![CDATA[java.lang.AssertionError: expected [true] but found [false]
at framework.Test2.PatientAge(Test2.java:33)
at java.util.ArrayList.forEach(Unknown Source)
at java.util.concurrent.FutureTask.run(Unknown Source)
at java.util.concurrent.ThreadPoolExecutor.runWorker(Unknown Source)
at java.util.concurrent.ThreadPoolExecutor$Worker.run(Unknown Source)
at java.lang.Thread.run(Unknown Source)
... Removed 22 stack frames]]>
    </failure>
  </testcase> <!-- PatientAge -->
  <testcase name="PatientName" time="0.002" classname="framework.Test2"/>
  <testcase name="OnlineBeds" time="0.0" classname="framework.Test2">
    <ignored/>
  </testcase> <!-- OnlineBeds -->
  <testcase name="OfflineBeds" time="0.0" classname="framework.Test2">
    <ignored/>
  </testcase> <!-- OfflineBeds -->
</testsuite> <!-- patient details -->
