<?xml version="1.0" encoding="UTF-8"?>
<!-- Generated by org.testng.reporters.JUnitXMLReporter -->
<testsuite hostname="DESKTOP-SN7B2MS" ignored="3" name="Patient health details" tests="1" failures="1" timestamp="2020-07-31T19:03:00 IST" time="0.023" errors="0">
  <testcase name="RespirationRate" time="0.0" classname="framework.Test1">
    <failure type="org.testng.TestNGException" message="
Parameter &amp;apos;URL&amp;apos; is required by @Test on method RespirationRate but has not been marked @Optional or defined
in C:\Users\TECHOLUTION\eclipse-workspace\New\TestNG Tutorial\testng.xml">
      <![CDATA[org.testng.TestNGException: 
Parameter 'URL' is required by @Test on method RespirationRate but has not been marked @Optional or defined
in C:\Users\TECHOLUTION\eclipse-workspace\New\TestNG Tutorial\testng.xml
at java.util.ArrayList.forEach(Unknown Source)
at java.util.concurrent.FutureTask.run(Unknown Source)
at java.util.concurrent.ThreadPoolExecutor.runWorker(Unknown Source)
at java.util.concurrent.ThreadPoolExecutor$Worker.run(Unknown Source)
at java.lang.Thread.run(Unknown Source)
... Removed 17 stack frames]]>
    </failure>
  </testcase> <!-- RespirationRate -->
  <testcase name="pulse" time="0.0" classname="framework.Test1">
    <ignored/>
  </testcase> <!-- pulse -->
  <testcase name="BloodPressure" time="0.0" classname="framework.Test1">
    <ignored/>
  </testcase> <!-- BloodPressure -->
  <testcase name="O2" time="0.0" classname="framework.Test1">
    <ignored/>
  </testcase> <!-- O2 -->
</testsuite> <!-- Patient health details -->
