<?xml version="1.0" encoding="UTF-8"?>
<!-- Generated by org.testng.reporters.JUnitXMLReporter -->
<testsuite hostname="DESKTOP-SN7B2MS" ignored="0" name="Patient" tests="4" failures="0" timestamp="2020-05-21T07:02:45 IST" time="0.047" errors="0">
  <testcase name="BloodPressure" time="0.006" classname="framework.Test1"/>
  <testcase name="pulse" time="0.001" classname="framework.Test1"/>
  <testcase name="O2" time="0.001" classname="framework.Test2"/>
  <testcase name="RespirationRate" time="0.002" classname="framework.Test3"/>
</testsuite> <!-- Patient -->
