<?xml version="1.0" encoding="UTF-8"?>
<!-- Generated by org.testng.reporters.JUnitXMLReporter -->
<testsuite hostname="DESKTOP-SN7B2MS" ignored="10" name="Regression" tests="3" failures="0" timestamp="2020-06-19T06:40:14 IST" time="0.047" errors="0">
  <testcase name="pulse" time="0.007" classname="framework.Test1"/>
  <testcase name="PatientAddress" time="0.001" classname="framework.Test2"/>
  <testcase name="Tractorloan" time="0.001" classname="framework.Test3"/>
  <testcase name="Bikeload" time="0.0" classname="framework.Test3">
    <ignored/>
  </testcase> <!-- Bikeload -->
  <testcase name="RespirationRate" time="0.0" classname="framework.Test1">
    <ignored/>
  </testcase> <!-- RespirationRate -->
  <testcase name="Carloan" time="0.0" classname="framework.Test3">
    <ignored/>
  </testcase> <!-- Carloan -->
  <testcase name="Aeroplaneloan" time="0.0" classname="framework.Test3">
    <ignored/>
  </testcase> <!-- Aeroplaneloan -->
  <testcase name="OnlineBeds" time="0.0" classname="framework.Test2">
    <ignored/>
  </testcase> <!-- OnlineBeds -->
  <testcase name="PatientName" time="0.0" classname="framework.Test2">
    <ignored/>
  </testcase> <!-- PatientName -->
  <testcase name="PatientAge" time="0.0" classname="framework.Test2">
    <ignored/>
  </testcase> <!-- PatientAge -->
  <testcase name="BloodPressure" time="0.0" classname="framework.Test1">
    <ignored/>
  </testcase> <!-- BloodPressure -->
  <testcase name="O2" time="0.0" classname="framework.Test1">
    <ignored/>
  </testcase> <!-- O2 -->
  <testcase name="OfflineBeds" time="0.0" classname="framework.Test2">
    <ignored/>
  </testcase> <!-- OfflineBeds -->
</testsuite> <!-- Regression -->
